<?xml version="1.0" encoding="UTF-8"?>
<!-- Generated by org.testng.reporters.JUnitReportReporter -->
<testsuite hostname="DESKTOP-KKAIG1T" failures="0" tests="1" name="testcases.HomeTest" time="5.116" errors="0" timestamp="2022-10-15T01:10:26 IST" skipped="0">
  <testcase classname="testcases.HomeTest" name="Test1" time="5.116"/>
  <system-out/>
</testsuite> <!-- testcases.HomeTest -->
