<?xml version="1.0" encoding="UTF-8"?>
<!-- Generated by org.testng.reporters.JUnitReportReporter -->
<testsuite hostname="DESKTOP-KKAIG1T" failures="0" tests="2" name="testcases.SimplilearnLoginTest" time="22.740" errors="0" timestamp="2022-10-15T01:10:26 IST" skipped="0">
  <testcase classname="testcases.SimplilearnLoginTest" name="Test1" time="13.703"/>
  <system-out/>
  <testcase classname="testcases.SimplilearnLoginTest" name="Test2" time="9.037"/>
  <system-out/>
</testsuite> <!-- testcases.SimplilearnLoginTest -->
