<?xml version="1.0" encoding="UTF-8"?>
<!-- Generated by org.testng.reporters.JUnitReportReporter -->
<testsuite skipped="0" hostname="DESKTOP-KKAIG1T" name="testcases.HomeTest" tests="1" failures="0" timestamp="2022-10-09T01:36:13 IST" time="5.306" errors="0">
  <testcase name="Test1" time="5.306" classname="testcases.HomeTest"/>
  <system-out/>
</testsuite> <!-- testcases.HomeTest -->
