<?xml version="1.0" encoding="UTF-8"?>
<!-- Generated by org.testng.reporters.JUnitReportReporter -->
<testsuite skipped="0" hostname="DESKTOP-KKAIG1T" name="testcases.SimplilearnLoginTest" tests="2" failures="0" timestamp="2022-10-09T01:36:13 IST" time="29.858" errors="0">
  <testcase name="Test2" time="15.874" classname="testcases.SimplilearnLoginTest"/>
  <system-out/>
  <testcase name="Test1" time="13.984" classname="testcases.SimplilearnLoginTest"/>
  <system-out/>
</testsuite> <!-- testcases.SimplilearnLoginTest -->
